{"label":"VA PLATECHECKER","message":"Submitting an availability check for WANTED.","level":"info","service":"platesearch-backend"}
{"label":"VA PLATECHECKER","message":"Found the 'set-cookie' header in the response.","level":"info","service":"platesearch-backend"}
{"label":"VA PLATECHECKER","message":"Attempting to get a new cookie.","level":"info","service":"platesearch-backend"}
{"label":"VA PLATECHECKER","message":"Only the 'BIGipServerPOOL' cookie is present. Completing interception.","level":"info","service":"platesearch-backend"}
{"label":"VA PLATECHECKER","message":"Done with the follow-up request.","level":"info","service":"platesearch-backend"}
{"label":"VA PLATECHECKER","message":"Only the 'BIGipServerPOOL' cookie is present. Completing interception.","level":"info","service":"platesearch-backend"}
{"label":"VA PLATECHECKER","message":"Submitting an availability check for NVRMIND.","level":"info","service":"platesearch-backend"}
{"label":"VA PLATECHECKER","message":"Only the 'BIGipServerPOOL' cookie is present. Completing interception.","level":"info","service":"platesearch-backend"}
{"label":"VA PLATECHECKER","message":"Only the 'BIGipServerPOOL' cookie is present. Completing interception.","level":"info","service":"platesearch-backend"}
{"label":"VA PLATECHECKER","message":"Submitting an availability check for DAMON.","level":"info","service":"platesearch-backend"}
{"label":"VA PLATECHECKER","message":"Only the 'BIGipServerPOOL' cookie is present. Completing interception.","level":"info","service":"platesearch-backend"}
{"label":"VA PLATECHECKER","message":"Only the 'BIGipServerPOOL' cookie is present. Completing interception.","level":"info","service":"platesearch-backend"}
{"label":"VA PLATECHECKER","message":"Submitting an availability check for ABSOLVE.","level":"info","service":"platesearch-backend"}
{"label":"VA PLATECHECKER","message":"Only the 'BIGipServerPOOL' cookie is present. Completing interception.","level":"info","service":"platesearch-backend"}
{"label":"VA PLATECHECKER","message":"Only the 'BIGipServerPOOL' cookie is present. Completing interception.","level":"info","service":"platesearch-backend"}
{"label":"VA PLATECHECKER","message":"Submitting an availability check for TEST.","level":"info","service":"platesearch-backend"}
{"label":"VA PLATECHECKER","message":"Only the 'BIGipServerPOOL' cookie is present. Completing interception.","level":"info","service":"platesearch-backend"}
{"label":"VA PLATECHECKER","message":"Only the 'BIGipServerPOOL' cookie is present. Completing interception.","level":"info","service":"platesearch-backend"}
{"label":"VA PLATECHECKER","message":"Submitting an availability check for ACCEPT.","level":"info","service":"platesearch-backend"}
{"label":"VA PLATECHECKER","message":"Only the 'BIGipServerPOOL' cookie is present. Completing interception.","level":"info","service":"platesearch-backend"}
{"label":"VA PLATECHECKER","message":"Only the 'BIGipServerPOOL' cookie is present. Completing interception.","level":"info","service":"platesearch-backend"}
{"label":"VA PLATECHECKER","message":"Submitting an availability check for ABSOLVE.","level":"info","service":"platesearch-backend"}
{"label":"VA PLATECHECKER","message":"Only the 'BIGipServerPOOL' cookie is present. Completing interception.","level":"info","service":"platesearch-backend"}
{"label":"VA PLATECHECKER","message":"Only the 'BIGipServerPOOL' cookie is present. Completing interception.","level":"info","service":"platesearch-backend"}
{"label":"VA PLATECHECKER","message":"Submitting an availability check for DAMON.","level":"info","service":"platesearch-backend"}
{"label":"VA PLATECHECKER","message":"Only the 'BIGipServerPOOL' cookie is present. Completing interception.","level":"info","service":"platesearch-backend"}
{"label":"VA PLATECHECKER","message":"Only the 'BIGipServerPOOL' cookie is present. Completing interception.","level":"info","service":"platesearch-backend"}
{"label":"VA PLATECHECKER","message":"Submitting an availability check for WANTED.","level":"info","service":"platesearch-backend"}
{"label":"VA PLATECHECKER","message":"Only the 'BIGipServerPOOL' cookie is present. Completing interception.","level":"info","service":"platesearch-backend"}
{"label":"VA PLATECHECKER","message":"Only the 'BIGipServerPOOL' cookie is present. Completing interception.","level":"info","service":"platesearch-backend"}
{"label":"VA PLATECHECKER","message":"Submitting an availability check for SEARC22.","level":"info","service":"platesearch-backend"}
{"label":"VA PLATECHECKER","message":"Only the 'BIGipServerPOOL' cookie is present. Completing interception.","level":"info","service":"platesearch-backend"}
{"label":"VA PLATECHECKER","message":"Only the 'BIGipServerPOOL' cookie is present. Completing interception.","level":"info","service":"platesearch-backend"}
{"label":"VA PLATECHECKER","message":"Submitting an availability check for NVRMIND.","level":"info","service":"platesearch-backend"}
{"label":"VA PLATECHECKER","message":"Only the 'BIGipServerPOOL' cookie is present. Completing interception.","level":"info","service":"platesearch-backend"}
{"label":"VA PLATECHECKER","message":"Only the 'BIGipServerPOOL' cookie is present. Completing interception.","level":"info","service":"platesearch-backend"}
{"label":"VA PLATECHECKER","message":"Submitting an availability check for TEST.","level":"info","service":"platesearch-backend"}
{"label":"VA PLATECHECKER","message":"Only the 'BIGipServerPOOL' cookie is present. Completing interception.","level":"info","service":"platesearch-backend"}
{"label":"VA PLATECHECKER","message":"Only the 'BIGipServerPOOL' cookie is present. Completing interception.","level":"info","service":"platesearch-backend"}
